app/build/intermediates/manifest_merge_blame_file/debug/processDebugMainManifest/manifest-merger-blame-debug-report.txt
1<?xml version="1.0" encoding="utf-8"?>
2<!--
3 Copyright (C) 2007 The Android Open Source Project
4
5     Licensed under the Apache License, Version 2.0 (the "License");
6     you may not use this file except in compliance with the License.
7     You may obtain a copy of the License at
8
9          http://www.apache.org/licenses/LICENSE-2.0
10
11     Unless required by applicable law or agreed to in writing, software
12     distributed under the License is distributed on an "AS IS" BASIS,
13     WITHOUT WARRANTIES OR CONDITIONS OF ANY KIND, either express or implied.
14     See the License for the specific language governing permissions and
15     limitations under the License.
16-->
17<!--
18 Declare the contents of this Android application.  The namespace
19     attribute brings in the Android platform namespace, and the package
20     supplies a unique name for the application.  When writing your
21     own application, the package name must be changed from "com.example.*"
22     to come from a domain that you own or have control over.
23-->
24<manifest xmlns:android="http://schemas.android.com/apk/res/android"
25    package="com.example.android.notepad"
26    android:versionCode="1"
27    android:versionName="1.0" >
28
29    <uses-sdk
30        android:minSdkVersion="27"
31        android:targetSdkVersion="34" />
32    <!-- 存储权限 -->
33    <!-- android:theme="@style/AppTheme" -->
34    <uses-permission android:name="android.permission.READ_EXTERNAL_STORAGE" />
34-->src\main\AndroidManifest.xml:27:5-80
34-->src\main\AndroidManifest.xml:27:22-77
35    <uses-permission android:name="android.permission.WRITE_EXTERNAL_STORAGE" />
35-->src\main\AndroidManifest.xml:28:5-81
35-->src\main\AndroidManifest.xml:28:22-78
36
37    <permission
37-->[androidx.core:core:1.13.0] AndroidManifest.xml:22:5-24:47
38        android:name="com.example.android.notepad.DYNAMIC_RECEIVER_NOT_EXPORTED_PERMISSION"
38-->[androidx.core:core:1.13.0] AndroidManifest.xml:23:9-81
39        android:protectionLevel="signature" />
39-->[androidx.core:core:1.13.0] AndroidManifest.xml:24:9-44
40
41    <uses-permission android:name="com.example.android.notepad.DYNAMIC_RECEIVER_NOT_EXPORTED_PERMISSION" />
41-->[androidx.core:core:1.13.0] AndroidManifest.xml:26:5-97
41-->[androidx.core:core:1.13.0] AndroidManifest.xml:26:22-94
42
43    <application
43-->src\main\AndroidManifest.xml:29:5-184:19
44        android:appComponentFactory="androidx.core.app.CoreComponentFactory"
44-->[androidx.core:core:1.13.0] AndroidManifest.xml:28:18-86
45        android:debuggable="true"
46        android:extractNativeLibs="false"
47        android:icon="@drawable/app_notes"
47-->src\main\AndroidManifest.xml:29:18-52
48        android:label="@string/app_name"
48-->src\main\AndroidManifest.xml:30:9-41
49        android:testOnly="true"
50        android:theme="@style/AppTheme" >
50-->src\main\AndroidManifest.xml:31:9-40
51        <provider
51-->src\main\AndroidManifest.xml:33:9-37:20
52            android:name="com.example.android.notepad.NotePadProvider"
52-->src\main\AndroidManifest.xml:33:19-49
53            android:authorities="com.google.provider.NotePad"
53-->src\main\AndroidManifest.xml:34:13-62
54            android:exported="false" >
54-->src\main\AndroidManifest.xml:35:13-37
55            <grant-uri-permission android:pathPattern=".*" />
55-->src\main\AndroidManifest.xml:36:13-62
55-->src\main\AndroidManifest.xml:36:35-59
56        </provider>
57
58        <activity
58-->src\main\AndroidManifest.xml:38:9-84:20
59            android:name="com.example.android.notepad.NotesList"
59-->src\main\AndroidManifest.xml:38:19-43
60            android:exported="true"
60-->src\main\AndroidManifest.xml:39:13-36
61            android:label="@string/title_notes_list" >
61-->src\main\AndroidManifest.xml:40:13-53
62            <intent-filter>
62-->src\main\AndroidManifest.xml:41:13-44:29
63                <action android:name="android.intent.action.MAIN" />
63-->src\main\AndroidManifest.xml:42:17-69
63-->src\main\AndroidManifest.xml:42:25-66
64
65                <category android:name="android.intent.category.LAUNCHER" />
65-->src\main\AndroidManifest.xml:43:17-77
65-->src\main\AndroidManifest.xml:43:27-74
66            </intent-filter>
67
68            <!--
69            <intent-filter>
70                <action android:name="android.intent.action.VIEW" />
71                <category android:name="android.intent.category.DEFAULT" />
72                <data android:mimeType="vnd.android.cursor.dir/vnd.com.google.note" />
73            </intent-filter>
74            -->
75            <!-- VIEW to VIEW_LOCUS -->
76            <intent-filter>
76-->src\main\AndroidManifest.xml:52:13-57:29
77                <action android:name="android.intent.action.VIEW_LOCUS" />
77-->src\main\AndroidManifest.xml:53:17-75
77-->src\main\AndroidManifest.xml:53:25-72
78
79                <category android:name="android.intent.category.DEFAULT" />
79-->src\main\AndroidManifest.xml:54:17-76
79-->src\main\AndroidManifest.xml:54:27-73
80                <category android:name="android.intent.category.BROWSABLE" />
80-->src\main\AndroidManifest.xml:55:17-78
80-->src\main\AndroidManifest.xml:55:27-75
81
82                <data android:mimeType="vnd.android.cursor.dir/vnd.com.google.note" />
82-->src\main\AndroidManifest.xml:56:17-87
82-->src\main\AndroidManifest.xml:56:23-84
83            </intent-filter>
84            <intent-filter>
84-->src\main\AndroidManifest.xml:58:13-63:29
85                <action android:name="android.intent.action.EDIT" />
85-->src\main\AndroidManifest.xml:59:17-69
85-->src\main\AndroidManifest.xml:59:25-66
86
87                <category android:name="android.intent.category.DEFAULT" />
87-->src\main\AndroidManifest.xml:54:17-76
87-->src\main\AndroidManifest.xml:54:27-73
88                <category android:name="android.intent.category.BROWSABLE" />
88-->src\main\AndroidManifest.xml:55:17-78
88-->src\main\AndroidManifest.xml:55:27-75
89
90                <data android:mimeType="vnd.android.cursor.dir/vnd.com.google.note" />
90-->src\main\AndroidManifest.xml:56:17-87
90-->src\main\AndroidManifest.xml:56:23-84
91            </intent-filter>
92            <intent-filter>
92-->src\main\AndroidManifest.xml:65:13-70:29
93                <action android:name="android.intent.action.PICK" />
93-->src\main\AndroidManifest.xml:66:17-69
93-->src\main\AndroidManifest.xml:66:25-66
94
95                <category android:name="android.intent.category.DEFAULT" />
95-->src\main\AndroidManifest.xml:54:17-76
95-->src\main\AndroidManifest.xml:54:27-73
96                <category android:name="android.intent.category.BROWSABLE" />
96-->src\main\AndroidManifest.xml:55:17-78
96-->src\main\AndroidManifest.xml:55:27-75
97
98                <data android:mimeType="vnd.android.cursor.dir/vnd.com.google.note" />
98-->src\main\AndroidManifest.xml:56:17-87
98-->src\main\AndroidManifest.xml:56:23-84
99            </intent-filter>
100            <!--
101            <intent-filter>
102                <action android:name="android.intent.action.VIEW" />
103                <action android:name="android.intent.action.EDIT" />
104                <action android:name="android.intent.action.PICK" />
105                <category android:name="android.intent.category.DEFAULT" />
106                <category android:name="android.intent.category.BROWSABLE" />
107                <data android:mimeType="vnd.android.cursor.dir/vnd.google.note" />
108            </intent-filter>
109            -->
110            <intent-filter>
110-->src\main\AndroidManifest.xml:79:13-83:29
111                <action android:name="android.intent.action.GET_CONTENT" />
111-->src\main\AndroidManifest.xml:80:17-76
111-->src\main\AndroidManifest.xml:80:25-73
112
113                <category android:name="android.intent.category.DEFAULT" />
113-->src\main\AndroidManifest.xml:54:17-76
113-->src\main\AndroidManifest.xml:54:27-73
114
115                <data android:mimeType="vnd.android.cursor.item/vnd.google.note" />
115-->src\main\AndroidManifest.xml:56:17-87
115-->src\main\AndroidManifest.xml:56:23-84
116            </intent-filter>
117        </activity>
118        <!--
119        <activity android:name=".NotesList"
120            android:exported="true"
121            android:label="@string/title_notes_list">
122
123            &lt;!&ndash; Main Launcher Activity &ndash;&gt;
124            <intent-filter>
125                <action android:name="android.intent.action.MAIN" />
126                <category android:name="android.intent.category.LAUNCHER" />
127            </intent-filter>
128
129            &lt;!&ndash; Handle the viewing, editing, and picking of notes &ndash;&gt;
130            <intent-filter>
131                <action android:name="android.intent.action.VIEW" />
132                <action android:name="android.intent.action.EDIT" />
133                <action android:name="android.intent.action.PICK" />
134                <category android:name="android.intent.category.DEFAULT" />
135                <category android:name="android.intent.category.BROWSABLE" />
136                <data android:mimeType="vnd.android.cursor.dir/vnd.google.note" />
137            </intent-filter>
138            &lt;!&ndash; Handle the GET_CONTENT action for retrieving a single note &ndash;&gt;
139            <intent-filter>
140                <action android:name="android.intent.action.GET_CONTENT" />
141                <category android:name="android.intent.category.DEFAULT" />
142                <data android:mimeType="vnd.android.cursor.item/vnd.google.note" />
143            </intent-filter>
144
145        </activity>
146        -->
147
148        <activity
148-->src\main\AndroidManifest.xml:113:9-144:20
149            android:name="com.example.android.notepad.NoteEditor"
149-->src\main\AndroidManifest.xml:113:19-44
150            android:configChanges="keyboardHidden|orientation"
150-->src\main\AndroidManifest.xml:118:13-63
151            android:exported="true"
151-->src\main\AndroidManifest.xml:114:13-36
152            android:resizeableActivity="true"
152-->src\main\AndroidManifest.xml:117:13-46
153            android:screenOrientation="sensor"
153-->src\main\AndroidManifest.xml:116:13-47
154            android:theme="@android:style/Theme.Holo.Light" >
154-->src\main\AndroidManifest.xml:115:13-60
155
156            <!--
157                 This filter says that we can view or edit the data of
158                 a single note
159            -->
160            <!-- VIEW to VIEW_PERMISSION_USAGE -->
161            <!-- VIEW to VIEW_LOCUS -->
162            <intent-filter android:label="@string/resolve_edit" >
162-->src\main\AndroidManifest.xml:125:13-131:29
162-->src\main\AndroidManifest.xml:125:28-64
163                <action android:name="android.intent.action.VIEW_LOCUS" />
163-->src\main\AndroidManifest.xml:53:17-75
163-->src\main\AndroidManifest.xml:53:25-72
164                <action android:name="android.intent.action.EDIT" />
164-->src\main\AndroidManifest.xml:59:17-69
164-->src\main\AndroidManifest.xml:59:25-66
165                <action android:name="com.android.notepad.action.EDIT_NOTE" />
165-->src\main\AndroidManifest.xml:128:17-79
165-->src\main\AndroidManifest.xml:128:25-76
166
167                <category android:name="android.intent.category.DEFAULT" />
167-->src\main\AndroidManifest.xml:54:17-76
167-->src\main\AndroidManifest.xml:54:27-73
168
169                <data android:mimeType="vnd.android.cursor.item/vnd.google.note" />
169-->src\main\AndroidManifest.xml:56:17-87
169-->src\main\AndroidManifest.xml:56:23-84
170            </intent-filter>
171
172            <!--
173                 This filter says that we can create a new note inside
174                 of a directory of notes.  The INSERT action creates an
175                 empty note; the PASTE action initializes a new note from
176                 the current contents of the clipboard.
177            -->
178            <intent-filter>
178-->src\main\AndroidManifest.xml:137:13-142:29
179                <action android:name="android.intent.action.INSERT" />
179-->src\main\AndroidManifest.xml:138:17-71
179-->src\main\AndroidManifest.xml:138:25-68
180                <action android:name="android.intent.action.PASTE" />
180-->src\main\AndroidManifest.xml:139:17-70
180-->src\main\AndroidManifest.xml:139:25-67
181
182                <category android:name="android.intent.category.DEFAULT" />
182-->src\main\AndroidManifest.xml:54:17-76
182-->src\main\AndroidManifest.xml:54:27-73
183
184                <data android:mimeType="vnd.android.cursor.dir/vnd.google.note" />
184-->src\main\AndroidManifest.xml:56:17-87
184-->src\main\AndroidManifest.xml:56:23-84
185            </intent-filter>
186        </activity>
187        <activity
187-->src\main\AndroidManifest.xml:146:9-172:20
188            android:name="com.example.android.notepad.TitleEditor"
188-->src\main\AndroidManifest.xml:146:19-45
189            android:exported="true"
189-->src\main\AndroidManifest.xml:147:13-36
190            android:icon="@drawable/ic_menu_edit"
190-->src\main\AndroidManifest.xml:149:13-50
191            android:label="@string/title_edit_title"
191-->src\main\AndroidManifest.xml:148:13-53
192            android:theme="@android:style/Theme.Holo.Dialog"
192-->src\main\AndroidManifest.xml:150:13-61
193            android:windowSoftInputMode="stateVisible" >
193-->src\main\AndroidManifest.xml:151:13-55
194
195            <!--
196                 This activity implements an alternative action that can be
197                 performed on notes: editing their title.  It can be used as
198                 a default operation if the user invokes this action, and is
199                 available as an alternative action for any note data.
200            -->
201            <intent-filter android:label="@string/resolve_title" >
201-->src\main\AndroidManifest.xml:156:13-171:29
201-->src\main\AndroidManifest.xml:156:28-65
202
203                <!--
204                     This is the action we perform.  It is a custom action we
205                     define for our application, not a generic VIEW or EDIT
206                     action since we are not a general note viewer/editor.
207                -->
208                <action android:name="com.android.notepad.action.EDIT_TITLE" />
208-->src\main\AndroidManifest.xml:160:17-80
208-->src\main\AndroidManifest.xml:160:25-77
209                <!-- DEFAULT: execute if being directly invoked. -->
210                <category android:name="android.intent.category.DEFAULT" />
210-->src\main\AndroidManifest.xml:54:17-76
210-->src\main\AndroidManifest.xml:54:27-73
211                <!--
212                     ALTERNATIVE: show as an alternative action when the user is
213                     working with this type of data.
214                -->
215                <category android:name="android.intent.category.ALTERNATIVE" />
215-->src\main\AndroidManifest.xml:165:17-80
215-->src\main\AndroidManifest.xml:165:27-77
216                <!--
217                     SELECTED_ALTERNATIVE: show as an alternative action the user
218                     can perform when selecting this type of data.
219                -->
220                <category android:name="android.intent.category.SELECTED_ALTERNATIVE" />
220-->src\main\AndroidManifest.xml:168:17-89
220-->src\main\AndroidManifest.xml:168:27-86
221                <!-- This is the data type we operate on. -->
222                <data android:mimeType="vnd.android.cursor.item/vnd.google.note" />
222-->src\main\AndroidManifest.xml:56:17-87
222-->src\main\AndroidManifest.xml:56:23-84
223            </intent-filter>
224        </activity>
225        <activity
225-->src\main\AndroidManifest.xml:174:9-182:20
226            android:name="com.example.android.notepad.NotesLiveFolder"
226-->src\main\AndroidManifest.xml:174:19-49
227            android:exported="true"
227-->src\main\AndroidManifest.xml:175:13-36
228            android:icon="@drawable/live_folder_notes"
228-->src\main\AndroidManifest.xml:177:13-55
229            android:label="@string/live_folder_name" >
229-->src\main\AndroidManifest.xml:176:13-53
230            <intent-filter>
230-->src\main\AndroidManifest.xml:178:13-181:29
231                <action android:name="android.intent.action.CREATE_LIVE_FOLDER" />
231-->src\main\AndroidManifest.xml:179:17-83
231-->src\main\AndroidManifest.xml:179:25-80
232
233                <category android:name="android.intent.category.DEFAULT" />
233-->src\main\AndroidManifest.xml:54:17-76
233-->src\main\AndroidManifest.xml:54:27-73
234            </intent-filter>
235        </activity>
236
237        <provider
237-->[androidx.emoji2:emoji2:1.3.0] AndroidManifest.xml:24:9-32:20
238            android:name="androidx.startup.InitializationProvider"
238-->[androidx.emoji2:emoji2:1.3.0] AndroidManifest.xml:25:13-67
239            android:authorities="com.example.android.notepad.androidx-startup"
239-->[androidx.emoji2:emoji2:1.3.0] AndroidManifest.xml:26:13-68
240            android:exported="false" >
240-->[androidx.emoji2:emoji2:1.3.0] AndroidManifest.xml:27:13-37
241            <meta-data
241-->[androidx.emoji2:emoji2:1.3.0] AndroidManifest.xml:29:13-31:52
242                android:name="androidx.emoji2.text.EmojiCompatInitializer"
242-->[androidx.emoji2:emoji2:1.3.0] AndroidManifest.xml:30:17-75
243                android:value="androidx.startup" />
243-->[androidx.emoji2:emoji2:1.3.0] AndroidManifest.xml:31:17-49
244            <meta-data
244-->[androidx.lifecycle:lifecycle-process:2.6.2] AndroidManifest.xml:29:13-31:52
245                android:name="androidx.lifecycle.ProcessLifecycleInitializer"
245-->[androidx.lifecycle:lifecycle-process:2.6.2] AndroidManifest.xml:30:17-78
246                android:value="androidx.startup" />
246-->[androidx.lifecycle:lifecycle-process:2.6.2] AndroidManifest.xml:31:17-49
247            <meta-data
247-->[androidx.profileinstaller:profileinstaller:1.4.0] AndroidManifest.xml:29:13-31:52
248                android:name="androidx.profileinstaller.ProfileInstallerInitializer"
248-->[androidx.profileinstaller:profileinstaller:1.4.0] AndroidManifest.xml:30:17-85
249                android:value="androidx.startup" />
249-->[androidx.profileinstaller:profileinstaller:1.4.0] AndroidManifest.xml:31:17-49
250        </provider>
251
252        <uses-library
252-->[androidx.window:window:1.0.0] AndroidManifest.xml:25:9-27:40
253            android:name="androidx.window.extensions"
253-->[androidx.window:window:1.0.0] AndroidManifest.xml:26:13-54
254            android:required="false" />
254-->[androidx.window:window:1.0.0] AndroidManifest.xml:27:13-37
255        <uses-library
255-->[androidx.window:window:1.0.0] AndroidManifest.xml:28:9-30:40
256            android:name="androidx.window.sidecar"
256-->[androidx.window:window:1.0.0] AndroidManifest.xml:29:13-51
257            android:required="false" />
257-->[androidx.window:window:1.0.0] AndroidManifest.xml:30:13-37
258
259        <receiver
259-->[androidx.profileinstaller:profileinstaller:1.4.0] AndroidManifest.xml:34:9-52:20
260            android:name="androidx.profileinstaller.ProfileInstallReceiver"
260-->[androidx.profileinstaller:profileinstaller:1.4.0] AndroidManifest.xml:35:13-76
261            android:directBootAware="false"
261-->[androidx.profileinstaller:profileinstaller:1.4.0] AndroidManifest.xml:36:13-44
262            android:enabled="true"
262-->[androidx.profileinstaller:profileinstaller:1.4.0] AndroidManifest.xml:37:13-35
263            android:exported="true"
263-->[androidx.profileinstaller:profileinstaller:1.4.0] AndroidManifest.xml:38:13-36
264            android:permission="android.permission.DUMP" >
264-->[androidx.profileinstaller:profileinstaller:1.4.0] AndroidManifest.xml:39:13-57
265            <intent-filter>
265-->[androidx.profileinstaller:profileinstaller:1.4.0] AndroidManifest.xml:40:13-42:29
266                <action android:name="androidx.profileinstaller.action.INSTALL_PROFILE" />
266-->[androidx.profileinstaller:profileinstaller:1.4.0] AndroidManifest.xml:41:17-91
266-->[androidx.profileinstaller:profileinstaller:1.4.0] AndroidManifest.xml:41:25-88
267            </intent-filter>
268            <intent-filter>
268-->[androidx.profileinstaller:profileinstaller:1.4.0] AndroidManifest.xml:43:13-45:29
269                <action android:name="androidx.profileinstaller.action.SKIP_FILE" />
269-->[androidx.profileinstaller:profileinstaller:1.4.0] AndroidManifest.xml:44:17-85
269-->[androidx.profileinstaller:profileinstaller:1.4.0] AndroidManifest.xml:44:25-82
270            </intent-filter>
271            <intent-filter>
271-->[androidx.profileinstaller:profileinstaller:1.4.0] AndroidManifest.xml:46:13-48:29
272                <action android:name="androidx.profileinstaller.action.SAVE_PROFILE" />
272-->[androidx.profileinstaller:profileinstaller:1.4.0] AndroidManifest.xml:47:17-88
272-->[androidx.profileinstaller:profileinstaller:1.4.0] AndroidManifest.xml:47:25-85
273            </intent-filter>
274            <intent-filter>
274-->[androidx.profileinstaller:profileinstaller:1.4.0] AndroidManifest.xml:49:13-51:29
275                <action android:name="androidx.profileinstaller.action.BENCHMARK_OPERATION" />
275-->[androidx.profileinstaller:profileinstaller:1.4.0] AndroidManifest.xml:50:17-95
275-->[androidx.profileinstaller:profileinstaller:1.4.0] AndroidManifest.xml:50:25-92
276            </intent-filter>
277        </receiver>
278    </application>
279
280</manifest>